<?xml version="1.0" encoding="UTF-8"?>
<!-- Generated by org.testng.reporters.JUnitReportReporter -->
<testsuite hostname="DESKTOP-C4MFT7M" name="DemoTest.Demo" tests="2" failures="0" timestamp="30 Mar 2021 10:20:35 GMT" time="0.026" errors="0">
  <testcase name="add" time="0.025" classname="DemoTest.Demo"/>
  <testcase name="sub" time="0.001" classname="DemoTest.Demo"/>
</testsuite> <!-- DemoTest.Demo -->
